# JRE version: OpenJDK Runtime Environment Temurin-21.0.2+13 (21.0.2+13) (build 21.0.2+13-LTS)
# Java VM: OpenJDK 64-Bit Server VM Temurin-21.0.2+13 (21.0.2+13-LTS, mixed mode, emulated-client, sharing, tiered, compressed oops, compressed class ptrs, g1 gc, windows-amd64)
GC Precious Log:
 CardTable entry size: 512
 Card Set container configuration: InlinePtr #cards 4 size 8 Array Of Cards #cards 16 size 48 Howl #buckets 8 coarsen threshold 3686 Howl Bitmap #cards 512 size 80 coarsen threshold 460 Card regions per heap region 1 cards per card region 4096
 CPUs: 8 total, 8 available
 Memory: 16064M
 Large Page Support: Disabled
 NUMA Support: Disabled
 Compressed Oops: Enabled (Zero based)
 Heap Region Size: 2M
 Heap Min Capacity: 8M
 Heap Initial Capacity: 252M
 Heap Max Capacity: 4018M
 Pre-touch: Disabled
 Parallel Workers: 8
 Concurrent Workers: 2
 Concurrent Refinement Workers: 8
 Periodic GC: Disabled
Heap:
 garbage-first heap   total 108544K, used 87067K [0x0000000704e00000, 0x0000000800000000)
  region size 2048K, 31 young (63488K), 1 survivors (2048K)
 Metaspace       used 52280K, committed 53632K, reserved 1114112K
  class space    used 7045K, committed 7488K, reserved 1048576K
GC Heap History (20 events):
Event: 5380.606 GC heap after
{Heap after GC invocations=130 (full 3):
 garbage-first heap   total 96256K, used 24380K [0x0000000704e00000, 0x0000000800000000)
  region size 2048K, 1 young (2048K), 1 survivors (2048K)
 Metaspace       used 52110K, committed 53632K, reserved 1114112K
  class space    used 7005K, committed 7488K, reserved 1048576K
}
Event: 5453.889 GC heap before
{Heap before GC invocations=130 (full 3):
 garbage-first heap   total 96256K, used 79676K [0x0000000704e00000, 0x0000000800000000)
  region size 2048K, 28 young (57344K), 1 survivors (2048K)
 Metaspace       used 52120K, committed 53632K, reserved 1114112K
  class space    used 7006K, committed 7488K, reserved 1048576K
}
Event: 5453.891 GC heap after
{Heap after GC invocations=131 (full 3):
 garbage-first heap   total 96256K, used 24571K [0x0000000704e00000, 0x0000000800000000)
  region size 2048K, 1 young (2048K), 1 survivors (2048K)
 Metaspace       used 52120K, committed 53632K, reserved 1114112K
  class space    used 7006K, committed 7488K, reserved 1048576K
}
Event: 5526.676 GC heap before
{Heap before GC invocations=132 (full 3):
 garbage-first heap   total 96256K, used 79867K [0x0000000704e00000, 0x0000000800000000)
  region size 2048K, 28 young (57344K), 1 survivors (2048K)
 Metaspace       used 52110K, committed 53632K, reserved 1114112K
  class space    used 7005K, committed 7488K, reserved 1048576K
}
Event: 5526.678 GC heap after
{Heap after GC invocations=133 (full 3):
 garbage-first heap   total 96256K, used 24537K [0x0000000704e00000, 0x0000000800000000)
  region size 2048K, 1 young (2048K), 1 survivors (2048K)
 Metaspace       used 52110K, committed 53632K, reserved 1114112K
  class space    used 7005K, committed 7488K, reserved 1048576K
}
Event: 5599.082 GC heap before
{Heap before GC invocations=133 (full 3):
 garbage-first heap   total 96256K, used 79833K [0x0000000704e00000, 0x0000000800000000)
  region size 2048K, 28 young (57344K), 1 survivors (2048K)
 Metaspace       used 52112K, committed 53632K, reserved 1114112K
  class space    used 7005K, committed 7488K, reserved 1048576K
}
Event: 5599.084 GC heap after
{Heap after GC invocations=134 (full 3):
 garbage-first heap   total 96256K, used 24436K [0x0000000704e00000, 0x0000000800000000)
  region size 2048K, 1 young (2048K), 1 survivors (2048K)
 Metaspace       used 52112K, committed 53632K, reserved 1114112K
  class space    used 7005K, committed 7488K, reserved 1048576K
}
Event: 5668.645 GC heap before
{Heap before GC invocations=134 (full 3):
 garbage-first heap   total 96256K, used 79732K [0x0000000704e00000, 0x0000000800000000)
  region size 2048K, 28 young (57344K), 1 survivors (2048K)
 Metaspace       used 52112K, committed 53632K, reserved 1114112K
  class space    used 7005K, committed 7488K, reserved 1048576K
}
Event: 5668.647 GC heap after
{Heap after GC invocations=135 (full 3):
 garbage-first heap   total 96256K, used 24851K [0x0000000704e00000, 0x0000000800000000)
  region size 2048K, 1 young (2048K), 1 survivors (2048K)
 Metaspace       used 52112K, committed 53632K, reserved 1114112K
  class space    used 7005K, committed 7488K, reserved 1048576K
}
Event: 5741.188 GC heap before
{Heap before GC invocations=136 (full 3):
 garbage-first heap   total 96256K, used 80147K [0x0000000704e00000, 0x0000000800000000)
  region size 2048K, 28 young (57344K), 1 survivors (2048K)
 Metaspace       used 52112K, committed 53632K, reserved 1114112K
  class space    used 7005K, committed 7488K, reserved 1048576K
}
Event: 5741.190 GC heap after
{Heap after GC invocations=137 (full 3):
 garbage-first heap   total 96256K, used 25019K [0x0000000704e00000, 0x0000000800000000)
  region size 2048K, 1 young (2048K), 1 survivors (2048K)
 Metaspace       used 52112K, committed 53632K, reserved 1114112K
  class space    used 7005K, committed 7488K, reserved 1048576K
}
Event: 5814.071 GC heap before
{Heap before GC invocations=137 (full 3):
 garbage-first heap   total 96256K, used 80315K [0x0000000704e00000, 0x0000000800000000)
  region size 2048K, 28 young (57344K), 1 survivors (2048K)
 Metaspace       used 52122K, committed 53632K, reserved 1114112K
  class space    used 7007K, committed 7488K, reserved 1048576K
}
Event: 5814.073 GC heap after
{Heap after GC invocations=138 (full 3):
 garbage-first heap   total 96256K, used 24575K [0x0000000704e00000, 0x0000000800000000)
  region size 2048K, 1 young (2048K), 1 survivors (2048K)
 Metaspace       used 52122K, committed 53632K, reserved 1114112K
  class space    used 7007K, committed 7488K, reserved 1048576K
}
Event: 5869.895 GC heap before
{Heap before GC invocations=138 (full 3):
 garbage-first heap   total 96256K, used 67583K [0x0000000704e00000, 0x0000000800000000)
  region size 2048K, 23 young (47104K), 1 survivors (2048K)
 Metaspace       used 52130K, committed 53632K, reserved 1114112K
  class space    used 7009K, committed 7488K, reserved 1048576K
}
Event: 5869.920 GC heap after
{Heap after GC invocations=139 (full 4):
 garbage-first heap   total 90112K, used 20155K [0x0000000704e00000, 0x0000000800000000)
  region size 2048K, 0 young (0K), 0 survivors (0K)
 Metaspace       used 52062K, committed 53632K, reserved 1114112K
  class space    used 6997K, committed 7488K, reserved 1048576K
}
Event: 5870.660 GC heap before
{Heap before GC invocations=139 (full 4):
 garbage-first heap   total 90112K, used 61115K [0x0000000704e00000, 0x0000000800000000)
  region size 2048K, 22 young (45056K), 0 survivors (0K)
 Metaspace       used 52268K, committed 53632K, reserved 1114112K
  class space    used 7044K, committed 7488K, reserved 1048576K
}
Event: 5870.664 GC heap after
{Heap after GC invocations=140 (full 4):
 garbage-first heap   total 90112K, used 24764K [0x0000000704e00000, 0x0000000800000000)
  region size 2048K, 3 young (6144K), 3 survivors (6144K)
 Metaspace       used 52268K, committed 53632K, reserved 1114112K
  class space    used 7044K, committed 7488K, reserved 1048576K
}
Event: 5929.764 GC heap before
{Heap before GC invocations=141 (full 4):
 garbage-first heap   total 90112K, used 69820K [0x0000000704e00000, 0x0000000800000000)
  region size 2048K, 25 young (51200K), 3 survivors (6144K)
 Metaspace       used 52278K, committed 53632K, reserved 1114112K
  class space    used 7045K, committed 7488K, reserved 1048576K
}
Event: 5929.769 GC heap after
{Heap after GC invocations=142 (full 4):
 garbage-first heap   total 108544K, used 25627K [0x0000000704e00000, 0x0000000800000000)
  region size 2048K, 1 young (2048K), 1 survivors (2048K)
 Metaspace       used 52278K, committed 53632K, reserved 1114112K
  class space    used 7045K, committed 7488K, reserved 1048576K
}
Event: 6020.966 GC heap before
{Heap before GC invocations=142 (full 4):
 garbage-first heap   total 108544K, used 87067K [0x0000000704e00000, 0x0000000800000000)
  region size 2048K, 31 young (63488K), 1 survivors (2048K)
 Metaspace       used 52280K, committed 53632K, reserved 1114112K
  class space    used 7045K, committed 7488K, reserved 1048576K
}

